TN:
SF:/home/stephen/work/web/web-virtual-keyboard/src/VirtualKeyboard.js
FN:7,(anonymous_0)
FN:7,defineProperties
FN:7,(anonymous_2)
FN:20,_interopRequireDefault
FN:22,_toConsumableArray
FN:24,_classCallCheck
FN:36,(anonymous_6)
FN:42,VirtualKeyboard
FN:65,enterKeyEvent
FN:68,(anonymous_9)
FN:82,backSpaceKeyEvent
FN:85,(anonymous_11)
FN:99,upperCaseKeyEvent
FN:102,(anonymous_13)
FN:115,lowerCaseKeyEvent
FN:118,(anonymous_15)
FN:131,numericsKeyEvent
FN:134,(anonymous_17)
FN:147,extraKeyEvent
FN:150,(anonymous_19)
FN:161,incrementCaretPosition
FN:173,decrementCaretPosition
FN:189,initKeys
FN:194,_loop
FN:235,(anonymous_24)
FN:254,initKeyboardContainer
FN:266,initKeyboardActionsContainer
FN:279,initAllContainers
FN:294,constructKeyboard
FN:302,(anonymous_29)
FN:339,setVisibleKeyboardRows
FN:357,setKeyboardPosition
FN:376,launchVirtualKeyboard
FN:381,(anonymous_33)
FN:394,handleClickOnVirtualKeyboardHook
FN:411,(anonymous_35)
FN:415,(anonymous_36)
FN:436,closeKeyboard
FNF:38
FNH:35
FNDA:1,(anonymous_0)
FNDA:1,defineProperties
FNDA:1,(anonymous_2)
FNDA:2,_interopRequireDefault
FNDA:95,_toConsumableArray
FNDA:15,_classCallCheck
FNDA:1,(anonymous_6)
FNDA:15,VirtualKeyboard
FNDA:39,enterKeyEvent
FNDA:1,(anonymous_9)
FNDA:52,backSpaceKeyEvent
FNDA:2,(anonymous_11)
FNDA:13,upperCaseKeyEvent
FNDA:1,(anonymous_13)
FNDA:26,lowerCaseKeyEvent
FNDA:1,(anonymous_15)
FNDA:39,numericsKeyEvent
FNDA:1,(anonymous_17)
FNDA:13,extraKeyEvent
FNDA:1,(anonymous_19)
FNDA:8,incrementCaretPosition
FNDA:2,decrementCaretPosition
FNDA:195,initKeys
FNDA:1742,_loop
FNDA:7,(anonymous_24)
FNDA:13,initKeyboardContainer
FNDA:13,initKeyboardActionsContainer
FNDA:13,initAllContainers
FNDA:13,constructKeyboard
FNDA:0,(anonymous_29)
FNDA:17,setVisibleKeyboardRows
FNDA:15,setKeyboardPosition
FNDA:15,launchVirtualKeyboard
FNDA:14,(anonymous_33)
FNDA:14,handleClickOnVirtualKeyboardHook
FNDA:0,(anonymous_35)
FNDA:0,(anonymous_36)
FNDA:1,closeKeyboard
DA:3,1
DA:7,18
DA:12,1
DA:14,1
DA:16,1
DA:18,1
DA:20,2
DA:22,661
DA:24,15
DA:26,1
DA:27,1
DA:28,1
DA:29,1
DA:36,1
DA:43,15
DA:45,15
DA:46,15
DA:47,15
DA:48,15
DA:49,15
DA:50,15
DA:51,15
DA:52,15
DA:53,15
DA:63,1
DA:66,39
DA:68,39
DA:69,1
DA:70,1
DA:83,52
DA:85,52
DA:86,2
DA:87,2
DA:100,13
DA:102,13
DA:103,1
DA:116,26
DA:118,26
DA:119,1
DA:132,39
DA:134,39
DA:135,1
DA:148,13
DA:150,13
DA:151,1
DA:162,8
DA:163,8
DA:164,8
DA:174,2
DA:175,2
DA:176,2
DA:190,195
DA:192,195
DA:194,195
DA:195,1742
DA:196,1742
DA:197,1742
DA:198,130
DA:200,1742
DA:201,221
DA:203,1742
DA:204,1521
DA:206,1742
DA:207,1703
DA:210,1742
DA:211,39
DA:214,1742
DA:215,52
DA:218,1742
DA:219,13
DA:222,1742
DA:223,26
DA:226,1742
DA:227,39
DA:230,1742
DA:231,13
DA:234,1742
DA:235,1521
DA:236,7
DA:237,7
DA:242,195
DA:243,1742
DA:245,195
DA:255,13
DA:256,13
DA:257,13
DA:267,13
DA:268,13
DA:269,13
DA:280,13
DA:281,13
DA:295,13
DA:297,13
DA:298,52
DA:299,52
DA:301,13
DA:302,13
DA:303,0
DA:305,13
DA:306,13
DA:307,13
DA:308,13
DA:310,13
DA:311,13
DA:312,13
DA:313,13
DA:315,13
DA:316,13
DA:317,13
DA:318,13
DA:320,13
DA:321,13
DA:322,13
DA:324,13
DA:326,13
DA:328,13
DA:329,13
DA:340,17
DA:343,68
DA:344,140
DA:346,68
DA:358,15
DA:359,15
DA:360,15
DA:361,15
DA:363,15
DA:364,15
DA:366,15
DA:367,15
DA:377,15
DA:379,15
DA:380,15
DA:381,14
DA:382,14
DA:395,14
DA:397,14
DA:398,14
DA:399,14
DA:400,14
DA:401,14
DA:402,13
DA:403,0
DA:405,13
DA:406,13
DA:407,0
DA:409,13
DA:411,13
DA:412,0
DA:415,13
DA:416,0
DA:419,13
DA:420,13
DA:422,14
DA:423,14
DA:424,14
DA:425,14
DA:426,14
DA:437,1
DA:438,1
DA:442,1
DA:445,1
LF:161
LH:156
BRDA:7,0,0,18
BRDA:7,0,1,18
BRDA:7,1,0,18
BRDA:7,1,1,0
BRDA:7,2,0,1
BRDA:7,2,1,0
BRDA:7,3,0,0
BRDA:7,3,1,1
BRDA:20,4,0,2
BRDA:20,4,1,0
BRDA:20,5,0,2
BRDA:20,5,1,2
BRDA:22,6,0,95
BRDA:22,6,1,0
BRDA:24,7,0,0
BRDA:24,7,1,15
BRDA:45,8,0,15
BRDA:45,8,1,15
BRDA:197,9,0,130
BRDA:197,9,1,1612
BRDA:200,10,0,221
BRDA:200,10,1,1521
BRDA:203,11,0,1521
BRDA:203,11,1,221
BRDA:206,12,0,1703
BRDA:206,12,1,39
BRDA:210,13,0,39
BRDA:210,13,1,1703
BRDA:214,14,0,52
BRDA:214,14,1,1690
BRDA:218,15,0,13
BRDA:218,15,1,1729
BRDA:222,16,0,26
BRDA:222,16,1,1716
BRDA:226,17,0,39
BRDA:226,17,1,1703
BRDA:230,18,0,13
BRDA:230,18,1,1729
BRDA:234,19,0,1521
BRDA:234,19,1,221
BRDA:363,20,0,15
BRDA:363,20,1,0
BRDA:380,21,0,14
BRDA:380,21,1,1
BRDA:399,22,0,14
BRDA:399,22,1,0
BRDA:399,23,0,14
BRDA:399,23,1,14
BRDA:401,24,0,13
BRDA:401,24,1,1
BRDA:402,25,0,0
BRDA:402,25,1,13
BRDA:406,26,0,0
BRDA:406,26,1,13
BRF:54
BRH:44
end_of_record
TN:
SF:/home/stephen/work/web/web-virtual-keyboard/src/azertyMapping.js
FNF:0
FNH:0
DA:3,1
DA:6,1
DA:36,1
LF:3
LH:3
BRF:0
BRH:0
end_of_record
TN:
SF:/home/stephen/work/web/web-virtual-keyboard/src/qwertyMapping.js
FNF:0
FNH:0
DA:3,1
DA:6,1
DA:36,1
LF:3
LH:3
BRF:0
BRH:0
end_of_record
TN:
SF:/home/stephen/work/web/web-virtual-keyboard/src/index.js
FN:7,_interopRequireDefault
FNF:1
FNH:1
FNDA:1,_interopRequireDefault
DA:3,1
DA:5,1
DA:7,1
DA:9,1
LF:4
LH:4
BRDA:7,0,0,1
BRDA:7,0,1,0
BRDA:7,1,0,1
BRDA:7,1,1,1
BRF:4
BRH:3
end_of_record
