TN:
SF:/home/stephen/work/web/web-virtual-keyboard/src/VirtualKeyboard.js
FN:0,(anonymous_1)
FN:0,defineProperties
FN:0,(anonymous_3)
FN:0,_interopRequireDefault
FN:0,_toConsumableArray
FN:0,_classCallCheck
FN:17,(anonymous_7)
FN:22,VirtualKeyboard
FN:0,enterKeyEvent
FN:39,(anonymous_10)
FN:0,backSpaceKeyEvent
FN:52,(anonymous_12)
FN:0,upperCaseKeyEvent
FN:66,(anonymous_14)
FN:0,lowerCaseKeyEvent
FN:77,(anonymous_16)
FN:0,numericsKeyEvent
FN:88,(anonymous_18)
FN:0,extraKeyEvent
FN:99,(anonymous_20)
FN:107,incrementCaretPosition
FN:116,decrementCaretPosition
FN:0,initKeys
FN:129,_loop
FN:172,(anonymous_25)
FN:187,initKeyboardContainer
FN:196,initKeyboardActionsContainer
FN:211,initAllContainers
FN:0,constructKeyboard
FN:229,(anonymous_30)
FN:0,setVisibleKeyboardRows
FN:0,setKeyboardPosition
FN:302,launchVirtualKeyboard
FN:305,(anonymous_34)
FN:0,handleClickOnVirtualKeyboardHook
FN:330,(anonymous_36)
FN:334,(anonymous_37)
FN:352,closeKeyboard
FNF:38
FNH:38
FNDA:1,(anonymous_1)
FNDA:1,defineProperties
FNDA:1,(anonymous_3)
FNDA:2,_interopRequireDefault
FNDA:118,_toConsumableArray
FNDA:20,_classCallCheck
FNDA:1,(anonymous_7)
FNDA:20,VirtualKeyboard
FNDA:51,enterKeyEvent
FNDA:1,(anonymous_10)
FNDA:68,backSpaceKeyEvent
FNDA:2,(anonymous_12)
FNDA:17,upperCaseKeyEvent
FNDA:1,(anonymous_14)
FNDA:34,lowerCaseKeyEvent
FNDA:1,(anonymous_16)
FNDA:51,numericsKeyEvent
FNDA:1,(anonymous_18)
FNDA:17,extraKeyEvent
FNDA:1,(anonymous_20)
FNDA:8,incrementCaretPosition
FNDA:2,decrementCaretPosition
FNDA:255,initKeys
FNDA:2278,_loop
FNDA:7,(anonymous_25)
FNDA:17,initKeyboardContainer
FNDA:17,initKeyboardActionsContainer
FNDA:17,initAllContainers
FNDA:17,constructKeyboard
FNDA:1,(anonymous_30)
FNDA:21,setVisibleKeyboardRows
FNDA:20,setKeyboardPosition
FNDA:18,launchVirtualKeyboard
FNDA:17,(anonymous_34)
FNDA:19,handleClickOnVirtualKeyboardHook
FNDA:2,(anonymous_36)
FNDA:3,(anonymous_37)
FNDA:1,closeKeyboard
DA:0,820
DA:4,1
DA:5,1
DA:7,1
DA:8,1
DA:9,1
DA:10,1
DA:22,1
DA:23,20
DA:24,20
DA:25,20
DA:26,20
DA:27,20
DA:28,20
DA:29,20
DA:30,20
DA:39,51
DA:40,1
DA:42,1
DA:52,68
DA:53,2
DA:56,2
DA:66,17
DA:67,1
DA:77,34
DA:78,1
DA:88,51
DA:89,1
DA:99,17
DA:100,1
DA:108,8
DA:109,8
DA:110,8
DA:117,2
DA:118,2
DA:119,2
DA:129,255
DA:130,255
DA:131,2278
DA:132,2278
DA:133,2278
DA:134,2278
DA:135,170
DA:137,2278
DA:138,289
DA:140,2278
DA:141,1989
DA:143,2278
DA:144,2227
DA:147,2278
DA:148,51
DA:151,2278
DA:152,68
DA:155,2278
DA:156,17
DA:159,2278
DA:160,34
DA:163,2278
DA:164,51
DA:167,2278
DA:168,17
DA:171,2278
DA:172,1989
DA:173,7
DA:177,7
DA:181,255
DA:188,17
DA:189,17
DA:190,17
DA:197,17
DA:198,17
DA:199,17
DA:212,17
DA:213,17
DA:224,17
DA:225,68
DA:226,68
DA:228,17
DA:229,17
DA:230,1
DA:232,17
DA:233,17
DA:234,17
DA:235,17
DA:237,17
DA:238,17
DA:239,17
DA:240,17
DA:242,17
DA:243,17
DA:244,17
DA:245,17
DA:247,17
DA:248,17
DA:249,17
DA:251,17
DA:258,17
DA:263,17
DA:264,17
DA:272,21
DA:273,84
DA:274,140
DA:276,84
DA:285,20
DA:286,20
DA:287,20
DA:289,20
DA:292,20
DA:293,19
DA:295,20
DA:296,20
DA:303,18
DA:304,18
DA:305,17
DA:306,17
DA:316,19
DA:317,19
DA:318,19
DA:319,18
DA:320,18
DA:321,17
DA:322,1
DA:324,17
DA:325,17
DA:326,1
DA:328,16
DA:330,17
DA:331,2
DA:334,17
DA:335,3
DA:338,17
DA:339,17
DA:341,18
DA:342,18
DA:343,18
DA:344,18
DA:345,18
DA:353,1
DA:354,1
LF:139
LH:139
BRDA:0,1,0,18
BRDA:0,1,1,18
BRDA:0,2,0,18
BRDA:0,2,1,0
BRDA:0,3,0,1
BRDA:0,3,1,0
BRDA:0,4,0,0
BRDA:0,4,1,1
BRDA:0,5,0,2
BRDA:0,5,1,0
BRDA:0,6,0,2
BRDA:0,6,1,2
BRDA:0,7,0,118
BRDA:0,7,1,0
BRDA:0,8,0,0
BRDA:0,8,1,20
BRDA:134,9,0,170
BRDA:134,9,1,2108
BRDA:137,10,0,289
BRDA:137,10,1,1989
BRDA:140,11,0,1989
BRDA:140,11,1,289
BRDA:143,12,0,2227
BRDA:143,12,1,51
BRDA:147,13,0,51
BRDA:147,13,1,2227
BRDA:151,14,0,68
BRDA:151,14,1,2210
BRDA:155,15,0,17
BRDA:155,15,1,2261
BRDA:159,16,0,34
BRDA:159,16,1,2244
BRDA:163,17,0,51
BRDA:163,17,1,2227
BRDA:167,18,0,17
BRDA:167,18,1,2261
BRDA:171,19,0,1989
BRDA:171,19,1,289
BRDA:292,20,0,19
BRDA:292,20,1,1
BRDA:304,21,0,17
BRDA:304,21,1,1
BRDA:318,22,0,18
BRDA:318,22,1,1
BRDA:318,23,0,19
BRDA:318,23,1,18
BRDA:320,24,0,17
BRDA:320,24,1,1
BRDA:321,25,0,1
BRDA:321,25,1,16
BRDA:325,26,0,1
BRDA:325,26,1,16
BRF:52
BRH:52
end_of_record
TN:
SF:/home/stephen/work/web/web-virtual-keyboard/src/azertyMapping.js
FNF:0
FNH:0
DA:0,1
DA:1,1
LF:2
LH:2
BRF:0
BRH:0
end_of_record
TN:
SF:/home/stephen/work/web/web-virtual-keyboard/src/qwertyMapping.js
FNF:0
FNH:0
DA:0,1
DA:1,1
LF:2
LH:2
BRF:0
BRH:0
end_of_record
