TN:
SF:/home/stephen/work/web/web-virtual-keyboard/src/VirtualKeyboard.js
FN:0,(anonymous_1)
FN:0,defineProperties
FN:0,(anonymous_3)
FN:0,_interopRequireDefault
FN:0,_toConsumableArray
FN:0,_classCallCheck
FN:17,(anonymous_7)
FN:22,VirtualKeyboard
FN:0,enterKeyEvent
FN:40,(anonymous_10)
FN:0,backSpaceKeyEvent
FN:53,(anonymous_12)
FN:0,upperCaseKeyEvent
FN:67,(anonymous_14)
FN:0,lowerCaseKeyEvent
FN:78,(anonymous_16)
FN:0,numericsKeyEvent
FN:89,(anonymous_18)
FN:0,extraKeyEvent
FN:100,(anonymous_20)
FN:108,incrementCaretPosition
FN:117,decrementCaretPosition
FN:0,initKeys
FN:130,_loop
FN:173,(anonymous_25)
FN:188,initKeyboardContainer
FN:197,initKeyboardActionsContainer
FN:212,initAllContainers
FN:0,constructKeyboard
FN:230,(anonymous_30)
FN:0,setVisibleKeyboardRows
FN:0,setKeyboardPosition
FN:303,launchVirtualKeyboard
FN:306,(anonymous_34)
FN:0,handleClickOnVirtualKeyboardHook
FN:331,(anonymous_36)
FN:335,(anonymous_37)
FN:353,closeKeyboard
FNF:38
FNH:35
FNDA:1,(anonymous_1)
FNDA:1,defineProperties
FNDA:1,(anonymous_3)
FNDA:2,_interopRequireDefault
FNDA:95,_toConsumableArray
FNDA:14,_classCallCheck
FNDA:1,(anonymous_7)
FNDA:14,VirtualKeyboard
FNDA:39,enterKeyEvent
FNDA:1,(anonymous_10)
FNDA:52,backSpaceKeyEvent
FNDA:2,(anonymous_12)
FNDA:13,upperCaseKeyEvent
FNDA:1,(anonymous_14)
FNDA:26,lowerCaseKeyEvent
FNDA:1,(anonymous_16)
FNDA:39,numericsKeyEvent
FNDA:1,(anonymous_18)
FNDA:13,extraKeyEvent
FNDA:1,(anonymous_20)
FNDA:8,incrementCaretPosition
FNDA:2,decrementCaretPosition
FNDA:195,initKeys
FNDA:1742,_loop
FNDA:7,(anonymous_25)
FNDA:13,initKeyboardContainer
FNDA:13,initKeyboardActionsContainer
FNDA:13,initAllContainers
FNDA:13,constructKeyboard
FNDA:0,(anonymous_30)
FNDA:17,setVisibleKeyboardRows
FNDA:15,setKeyboardPosition
FNDA:14,launchVirtualKeyboard
FNDA:14,(anonymous_34)
FNDA:14,handleClickOnVirtualKeyboardHook
FNDA:0,(anonymous_36)
FNDA:0,(anonymous_37)
FNDA:1,closeKeyboard
DA:0,661
DA:4,1
DA:5,1
DA:7,1
DA:8,1
DA:9,1
DA:10,1
DA:22,1
DA:23,14
DA:24,14
DA:25,14
DA:26,14
DA:27,14
DA:28,14
DA:29,14
DA:30,14
DA:31,14
DA:40,39
DA:41,1
DA:43,1
DA:53,52
DA:54,2
DA:57,2
DA:67,13
DA:68,1
DA:78,26
DA:79,1
DA:89,39
DA:90,1
DA:100,13
DA:101,1
DA:109,8
DA:110,8
DA:111,8
DA:118,2
DA:119,2
DA:120,2
DA:130,195
DA:131,195
DA:132,1742
DA:133,1742
DA:134,1742
DA:135,1742
DA:136,130
DA:138,1742
DA:139,221
DA:141,1742
DA:142,1521
DA:144,1742
DA:145,1703
DA:148,1742
DA:149,39
DA:152,1742
DA:153,52
DA:156,1742
DA:157,13
DA:160,1742
DA:161,26
DA:164,1742
DA:165,39
DA:168,1742
DA:169,13
DA:172,1742
DA:173,1521
DA:174,7
DA:178,7
DA:182,195
DA:189,13
DA:190,13
DA:191,13
DA:198,13
DA:199,13
DA:200,13
DA:213,13
DA:214,13
DA:225,13
DA:226,52
DA:227,52
DA:229,13
DA:230,13
DA:231,0
DA:233,13
DA:234,13
DA:235,13
DA:236,13
DA:238,13
DA:239,13
DA:240,13
DA:241,13
DA:243,13
DA:244,13
DA:245,13
DA:246,13
DA:248,13
DA:249,13
DA:250,13
DA:252,13
DA:259,13
DA:264,13
DA:265,13
DA:273,17
DA:274,68
DA:275,140
DA:277,68
DA:286,15
DA:287,15
DA:288,15
DA:290,15
DA:293,15
DA:294,15
DA:296,15
DA:297,15
DA:304,14
DA:305,14
DA:306,14
DA:307,14
DA:317,14
DA:318,14
DA:319,14
DA:320,14
DA:321,14
DA:322,13
DA:323,0
DA:325,13
DA:326,13
DA:327,0
DA:329,13
DA:331,13
DA:332,0
DA:335,13
DA:336,0
DA:339,13
DA:340,13
DA:342,14
DA:343,14
DA:344,14
DA:345,14
DA:346,14
DA:354,1
DA:355,1
LF:140
LH:135
BRDA:0,1,0,18
BRDA:0,1,1,18
BRDA:0,2,0,18
BRDA:0,2,1,0
BRDA:0,3,0,1
BRDA:0,3,1,0
BRDA:0,4,0,0
BRDA:0,4,1,1
BRDA:0,5,0,2
BRDA:0,5,1,0
BRDA:0,6,0,2
BRDA:0,6,1,2
BRDA:0,7,0,95
BRDA:0,7,1,0
BRDA:0,8,0,0
BRDA:0,8,1,14
BRDA:23,9,0,14
BRDA:23,9,1,14
BRDA:135,10,0,130
BRDA:135,10,1,1612
BRDA:138,11,0,221
BRDA:138,11,1,1521
BRDA:141,12,0,1521
BRDA:141,12,1,221
BRDA:144,13,0,1703
BRDA:144,13,1,39
BRDA:148,14,0,39
BRDA:148,14,1,1703
BRDA:152,15,0,52
BRDA:152,15,1,1690
BRDA:156,16,0,13
BRDA:156,16,1,1729
BRDA:160,17,0,26
BRDA:160,17,1,1716
BRDA:164,18,0,39
BRDA:164,18,1,1703
BRDA:168,19,0,13
BRDA:168,19,1,1729
BRDA:172,20,0,1521
BRDA:172,20,1,221
BRDA:293,21,0,15
BRDA:293,21,1,0
BRDA:305,22,0,14
BRDA:305,22,1,0
BRDA:319,23,0,14
BRDA:319,23,1,0
BRDA:319,24,0,14
BRDA:319,24,1,14
BRDA:321,25,0,13
BRDA:321,25,1,1
BRDA:322,26,0,0
BRDA:322,26,1,13
BRDA:326,27,0,0
BRDA:326,27,1,13
BRF:54
BRH:49
end_of_record
TN:
SF:/home/stephen/work/web/web-virtual-keyboard/src/azertyMapping.js
FNF:0
FNH:0
DA:0,1
DA:1,1
LF:2
LH:2
BRF:0
BRH:0
end_of_record
TN:
SF:/home/stephen/work/web/web-virtual-keyboard/src/qwertyMapping.js
FNF:0
FNH:0
DA:0,1
DA:1,1
LF:2
LH:2
BRF:0
BRH:0
end_of_record
